----------------------------------------------------------------
<<<<<<< HEAD
Fri Dec 07 23:23:25 ICT 2018:
Booting Derby version The Apache Software Foundation - Apache Derby - 10.12.1.1 - (1704137): instance a816c00e-0167-897b-1af4-00000e391d60 
on database directory C:\Users\OS\git\Note_taking1\Note_taking\EDITOR with class loader sun.misc.Launcher$AppClassLoader@73d16e93 
Loaded from file:/C:/Users/OS/git/Note_taking1/Note_taking/lib/derby.jar
=======
Fri Dec 07 23:12:24 ICT 2018:
Booting Derby version The Apache Software Foundation - Apache Derby - 10.12.1.1 - (1704137): instance a816c00e-0167-8971-03e4-000006cba028 
on database directory C:\Users\Minh Tran Cong\git\SE1\Note_taking\EDITOR with class loader sun.misc.Launcher$AppClassLoader@2a139a55 
Loaded from file:/C:/Users/Minh%20Tran%20Cong/git/SE1/Note_taking/lib/derby.jar
>>>>>>> branch 'master' of https://github.com/trancongminh997/SE1.git
java.vendor=Oracle Corporation
java.runtime.version=1.8.0_144-b01
user.dir=C:\Users\Minh Tran Cong\git\SE1\Note_taking
os.name=Windows 10
os.arch=amd64
os.version=10.0
derby.system.home=null
Database Class Loader started - derby.database.classpath=''
